[  0%] Building Fortran object src/lib/libmod/CMakeFiles/mod.dir/vast_kind_param_M.f90.o
[  0%] Building Fortran object src/lib/libmod/CMakeFiles/mod.dir/core_C.f90.o
[  1%] Building Fortran object src/lib/libmod/CMakeFiles/mod.dir/parameter_def_M.f90.o
[  1%] Building Fortran object src/lib/libmod/CMakeFiles/mod.dir/foparm_C.f90.o
[  2%] Building Fortran object src/lib/libmod/CMakeFiles/mod.dir/fposition_C.f90.o
[  2%] Building Fortran object src/lib/libmod/CMakeFiles/mod.dir/iccu_C.f90.o
[  2%] Building Fortran object src/lib/libmod/CMakeFiles/mod.dir/iounit_C.f90.o
[  2%] Building Fortran object src/lib/libmod/CMakeFiles/mod.dir/jqjc_C.f90.o
[  2%] Building Fortran object src/lib/libmod/CMakeFiles/mod.dir/kkstartbreit_C.f90.o
[  2%] Building Fortran object src/lib/libmod/CMakeFiles/mod.dir/lib92p_C.f90.o
[  2%] Building Fortran object src/lib/libmod/CMakeFiles/mod.dir/jlabl_C.f90.o
[  2%] Building Fortran object src/lib/libmod/CMakeFiles/mod.dir/mtjj2_C.f90.o
[  2%] Building Fortran object src/lib/libmod/CMakeFiles/mod.dir/mtjj_C.f90.o
[  3%] Building Fortran object src/lib/libmod/CMakeFiles/mod.dir/offd_C.f90.o
[  3%] Building Fortran object src/lib/libmod/CMakeFiles/mod.dir/orbord_C.f90.o
[  3%] Building Fortran object src/lib/libmod/CMakeFiles/mod.dir/orthct_C.f90.o
[  3%] Building Fortran object src/lib/libmod/CMakeFiles/mod.dir/ribojj9_C.f90.o
[  3%] Building Fortran object src/lib/libmod/CMakeFiles/mod.dir/ribojj11_C.f90.o
[  3%] Building Fortran object src/lib/libmod/CMakeFiles/mod.dir/qedcut_C.f90.o
[  3%] Building Fortran object src/lib/libmod/CMakeFiles/mod.dir/rang_Int_C.f90.o
[  4%] Building Fortran object src/lib/libmod/CMakeFiles/mod.dir/ribojj_C.f90.o
[  5%] Building Fortran object src/lib/libmod/CMakeFiles/mod.dir/terms_C.f90.o
[  5%] Building Fortran object src/lib/libmod/CMakeFiles/mod.dir/l2_C.f90.o
[  5%] Building Fortran object src/lib/libmod/CMakeFiles/mod.dir/l1_C.f90.o
[  6%] Building Fortran object src/lib/libmod/CMakeFiles/mod.dir/left_C.f90.o
[  6%] Building Fortran object src/lib/libmod/CMakeFiles/mod.dir/lagr_C.f90.o
[  6%] Building Fortran object src/lib/libmod/CMakeFiles/mod.dir/lic13_C.f90.o
[  6%] Building Fortran object src/lib/libmod/CMakeFiles/mod.dir/m_C.f90.o
[  6%] Building Fortran object src/lib/libmod/CMakeFiles/mod.dir/mcp_C.f90.o
[  7%] Building Fortran object src/lib/libmod/CMakeFiles/mod.dir/mcpa_C.f90.o
[  7%] Building Fortran object src/lib/libmod/CMakeFiles/mod.dir/mcpdata_C.f90.o
[  7%] Building Fortran object src/lib/libmod/CMakeFiles/mod.dir/mcpb_C.f90.o
[  7%] Building Fortran object src/lib/libmod/CMakeFiles/mod.dir/memory_man.f90.o
[  8%] Building Fortran object src/lib/libmod/CMakeFiles/mod.dir/ncc_C.f90.o
[  8%] Building Fortran object src/lib/libmod/CMakeFiles/mod.dir/ncdist_C.f90.o
[  8%] Building Fortran object src/lib/libmod/CMakeFiles/mod.dir/node_C.f90.o
[  8%] Building Fortran object src/lib/libmod/CMakeFiles/mod.dir/npar_C.f90.o
[  8%] Building Fortran object src/lib/libmod/CMakeFiles/mod.dir/npot_C.f90.o
[  8%] Building Fortran object src/lib/libmod/CMakeFiles/mod.dir/orb_C.f90.o
[  8%] Building Fortran object src/lib/libmod/CMakeFiles/mod.dir/orba_C.f90.o
[  9%] Building Fortran object src/lib/libmod/CMakeFiles/mod.dir/osc_C.f90.o
[  9%] Building Fortran object src/lib/libmod/CMakeFiles/mod.dir/ovl_C.f90.o
[  9%] Building Fortran object src/lib/libmod/CMakeFiles/mod.dir/peav_C.f90.o
[  9%] Building Fortran object src/lib/libmod/CMakeFiles/mod.dir/pos_C.f90.o
[  9%] Building Fortran object src/lib/libmod/CMakeFiles/mod.dir/pote_C.f90.o
[ 10%] Building Fortran object src/lib/libmod/CMakeFiles/mod.dir/prnt_C.f90.o
[ 10%] Building Fortran object src/lib/libmod/CMakeFiles/mod.dir/sbc_C.f90.o
[ 10%] Building Fortran object src/lib/libmod/CMakeFiles/mod.dir/sacoef_C.f90.o
[ 10%] Building Fortran object src/lib/libmod/CMakeFiles/mod.dir/sbdat1_C.f90.o
[ 11%] Building Fortran object src/lib/libmod/CMakeFiles/mod.dir/scf_C.f90.o
[ 11%] Building Fortran object src/lib/libmod/CMakeFiles/mod.dir/sbdat_C.f90.o
[ 11%] Building Fortran object src/lib/libmod/CMakeFiles/mod.dir/stor_C.f90.o
[ 11%] Building Fortran object src/lib/libmod/CMakeFiles/mod.dir/stat_C.f90.o
[ 11%] Building Fortran object src/lib/libmod/CMakeFiles/mod.dir/syma_C.f90.o
[ 11%] Building Fortran object src/lib/libmod/CMakeFiles/mod.dir/tatb_C.f90.o
[ 11%] Building Fortran object src/lib/libmod/CMakeFiles/mod.dir/titl_C.f90.o
[ 11%] Building Fortran object src/lib/libmod/CMakeFiles/mod.dir/trk_C.f90.o
[ 11%] Building Fortran object src/lib/libmod/CMakeFiles/mod.dir/vpilst_C.f90.o
[ 11%] Building Fortran object src/lib/libmod/CMakeFiles/mod.dir/vinlst_C.f90.o
[ 12%] Building Fortran object src/lib/libmod/CMakeFiles/mod.dir/wave_C.f90.o
[ 12%] Building Fortran object src/lib/libmod/CMakeFiles/mod.dir/wchblk_C.f90.o
[ 12%] Building Fortran object src/lib/libmod/CMakeFiles/mod.dir/wfac_C.f90.o
[ 12%] Building Fortran object src/lib/libmod/CMakeFiles/mod.dir/whfrom_C.f90.o
[ 12%] Building Fortran object src/lib/libmod/CMakeFiles/mod.dir/bcore_C.f90.o
[ 12%] Building Fortran object src/lib/libmod/CMakeFiles/mod.dir/AME_C.f90.o
[ 13%] Building Fortran object src/lib/libmod/CMakeFiles/mod.dir/bess_C.f90.o
[ 13%] Building Fortran object src/lib/libmod/CMakeFiles/mod.dir/bilst_C.f90.o
[ 13%] Building Fortran object src/lib/libmod/CMakeFiles/mod.dir/blim_C.f90.o
[ 13%] Building Fortran object src/lib/libmod/CMakeFiles/mod.dir/biorb_C.f90.o
[ 13%] Building Fortran object src/lib/libmod/CMakeFiles/mod.dir/blk_C.f90.o
[ 14%] Building Fortran object src/lib/libmod/CMakeFiles/mod.dir/blkidx_C.f90.o
[ 14%] Building Fortran object src/lib/libmod/CMakeFiles/mod.dir/cffmat_C.f90.o
[ 14%] Building Fortran object src/lib/libmod/CMakeFiles/mod.dir/buffer_C.f90.o
[ 14%] Building Fortran object src/lib/libmod/CMakeFiles/mod.dir/ciimat_C.f90.o
[ 14%] Building Fortran object src/lib/libmod/CMakeFiles/mod.dir/coeils_C.f90.o
[ 14%] Building Fortran object src/lib/libmod/CMakeFiles/mod.dir/cimat_C.f90.o
[ 15%] Building Fortran object src/lib/libmod/CMakeFiles/mod.dir/cnc_C.f90.o
[ 15%] Building Fortran object src/lib/libmod/CMakeFiles/mod.dir/cons_C.f90.o
[ 15%] Building Fortran object src/lib/libmod/CMakeFiles/mod.dir/corre_C.f90.o
[ 16%] Building Fortran object src/lib/libmod/CMakeFiles/mod.dir/coun_C.f90.o
[ 16%] Building Fortran object src/lib/libmod/CMakeFiles/mod.dir/couple_C.f90.o
[ 16%] Building Fortran object src/lib/libmod/CMakeFiles/mod.dir/cteilsrk_C.f90.o
[ 16%] Building Fortran object src/lib/libmod/CMakeFiles/mod.dir/cuto_C.f90.o
[ 16%] Building Fortran object src/lib/libmod/CMakeFiles/mod.dir/damp_C.f90.o
[ 17%] Building Fortran object src/lib/libmod/CMakeFiles/mod.dir/debug_C.f90.o
[ 17%] Building Fortran object src/lib/libmod/CMakeFiles/mod.dir/decide_C.f90.o
[ 17%] Building Fortran object src/lib/libmod/CMakeFiles/mod.dir/def_C.f90.o
[ 17%] Building Fortran object src/lib/libmod/CMakeFiles/mod.dir/default_C.f90.o
[ 18%] Building Fortran object src/lib/libmod/CMakeFiles/mod.dir/eigv_C.f90.o
[ 18%] Building Fortran object src/lib/libmod/CMakeFiles/mod.dir/eigvec1_C.f90.o
[ 18%] Building Fortran object src/lib/libmod/CMakeFiles/mod.dir/facts_C.f90.o
[ 18%] Building Fortran object src/lib/libmod/CMakeFiles/mod.dir/fixd_C.f90.o
[ 18%] Building Fortran object src/lib/libmod/CMakeFiles/mod.dir/grid_C.f90.o
[ 18%] Building Fortran object src/lib/libmod/CMakeFiles/mod.dir/hblock_C.f90.o
[ 18%] Building Fortran object src/lib/libmod/CMakeFiles/mod.dir/hmat_C.f90.o
[ 18%] Building Fortran object src/lib/libmod/CMakeFiles/mod.dir/horb_C.f90.o
[ 19%] Building Fortran object src/lib/libmod/CMakeFiles/mod.dir/hydpar_C.f90.o
[ 19%] Building Fortran object src/lib/libmod/CMakeFiles/mod.dir/int_C.f90.o
[ 19%] Building Fortran object src/lib/libmod/CMakeFiles/mod.dir/invt_C.f90.o
[ 20%] Building Fortran object src/lib/libmod/CMakeFiles/mod.dir/jj2lsj_C.f90.o
[ 20%] Building Fortran object src/lib/libmod/CMakeFiles/mod.dir/jj2lsjbio_C.f90.o
[ 20%] Building Fortran object src/lib/libmod/CMakeFiles/mod.dir/keilst_C.f90.o
[ 21%] Building Fortran object src/lib/libmod/CMakeFiles/mod.dir/kkstart_C.f90.o
[ 21%] Building Fortran object src/lib/libmod/CMakeFiles/mod.dir/dumx_C.f90.o
[ 21%] Linking Fortran static library ../../../lib/libmod.a
[ 21%] Built target mod
[ 22%] Building Fortran object src/lib/libdvd90/CMakeFiles/dvd90.dir/adds_I.f90.o
[ 22%] Building Fortran object src/lib/libdvd90/CMakeFiles/dvd90.dir/dvdrvr_I.f90.o
[ 22%] Building Fortran object src/lib/libdvd90/CMakeFiles/dvd90.dir/dvdson_I.f90.o
[ 22%] Building Fortran object src/lib/libdvd90/CMakeFiles/dvd90.dir/initdvd_I.f90.o
[ 22%] Building Fortran object src/lib/libdvd90/CMakeFiles/dvd90.dir/iniest_I.f90.o
[ 22%] Building Fortran object src/lib/libdvd90/CMakeFiles/dvd90.dir/gdvd_I.f90.o
[ 22%] Building Fortran object src/lib/libdvd90/CMakeFiles/dvd90.dir/mgs_nrm_I.f90.o
[ 23%] Building Fortran object src/lib/libdvd90/CMakeFiles/dvd90.dir/multbc_I.f90.o
[ 23%] Building Fortran object src/lib/libdvd90/CMakeFiles/dvd90.dir/newvec_I.f90.o
[ 23%] Building Fortran object src/lib/libdvd90/CMakeFiles/dvd90.dir/tstsel_I.f90.o
[ 23%] Building Fortran object src/lib/libdvd90/CMakeFiles/dvd90.dir/ovflow_I.f90.o
[ 23%] Building Fortran object src/lib/libdvd90/CMakeFiles/dvd90.dir/iniest.f90.o
[ 23%] Building Fortran object src/lib/lib9290/CMakeFiles/9290.dir/cgamma_I.f90.o
[ 23%] Building Fortran object src/lib/lib9290/CMakeFiles/9290.dir/arctan_I.f90.o
[ 23%] Building Fortran object src/lib/lib9290/CMakeFiles/9290.dir/alcbuf_I.f90.o
[ 23%] Building Fortran object src/lib/lib9290/CMakeFiles/9290.dir/calen_I.f90.o
[ 23%] Building Fortran object src/lib/lib9290/CMakeFiles/9290.dir/convrt2_I.f90.o
[ 24%] Building Fortran object src/lib/lib9290/CMakeFiles/9290.dir/clrx_I.f90.o
[ 24%] Building Fortran object src/lib/lib9290/CMakeFiles/9290.dir/convrt_I.f90.o
[ 24%] Building Fortran object src/lib/lib9290/CMakeFiles/9290.dir/convrt_double_I.f90.o
[ 25%] Building Fortran object src/lib/lib9290/CMakeFiles/9290.dir/cord_I.f90.o
[ 25%] Building Fortran object src/lib/lib9290/CMakeFiles/9290.dir/count_I.f90.o
[ 26%] Building Fortran object src/lib/lib9290/CMakeFiles/9290.dir/cre_I.f90.o
[ 26%] Building Fortran object src/lib/libdvd90/CMakeFiles/dvd90.dir/gdvd.f90.o
[ 26%] Building Fortran object src/lib/lib9290/CMakeFiles/9290.dir/cslh_I.f90.o
[ 26%] Building Fortran object src/lib/lib9290/CMakeFiles/9290.dir/dcbsrw_I.f90.o
[ 27%] Building Fortran object src/lib/lib9290/CMakeFiles/9290.dir/dinit_I.f90.o
[ 27%] Building Fortran object src/lib/lib9290/CMakeFiles/9290.dir/dmerge_I.f90.o
[ 27%] Building Fortran object src/lib/lib9290/CMakeFiles/9290.dir/dpbdt_I.f90.o
[ 27%] Building Fortran object src/lib/lib9290/CMakeFiles/9290.dir/es_I.f90.o
[ 27%] Building Fortran object src/lib/lib9290/CMakeFiles/9290.dir/draw_I.f90.o
[ 28%] Building Fortran object src/lib/lib9290/CMakeFiles/9290.dir/factt_I.f90.o
[ 28%] Building Fortran object src/lib/lib9290/CMakeFiles/9290.dir/getrsl_I.f90.o
[ 28%] Building Fortran object src/lib/lib9290/CMakeFiles/9290.dir/getyn_I.f90.o
[ 28%] Building Fortran object src/lib/libdvd90/CMakeFiles/dvd90.dir/dvdson.f90.o
[ 29%] Building Fortran object src/lib/lib9290/CMakeFiles/9290.dir/ichkq1_I.f90.o
[ 29%] Building Fortran object src/lib/lib9290/CMakeFiles/9290.dir/ichkq2_I.f90.o
[ 29%] Building Fortran object src/lib/lib9290/CMakeFiles/9290.dir/ichop_I.f90.o
[ 29%] Building Fortran object src/lib/lib9290/CMakeFiles/9290.dir/icopy_I.f90.o
[ 29%] Building Fortran object src/lib/lib9290/CMakeFiles/9290.dir/iniest2_I.f90.o
[ 29%] Building Fortran object src/lib/lib9290/CMakeFiles/9290.dir/intrpq_I.f90.o
[ 30%] Building Fortran object src/lib/lib9290/CMakeFiles/9290.dir/interp_I.f90.o
[ 30%] Building Fortran object src/lib/lib9290/CMakeFiles/9290.dir/iq_I.f90.o
[ 30%] Building Fortran object src/lib/lib9290/CMakeFiles/9290.dir/ispar_I.f90.o
[ 31%] Building Fortran object src/lib/lib9290/CMakeFiles/9290.dir/items_I.f90.o
[ 31%] Building Fortran object src/lib/lib9290/CMakeFiles/9290.dir/itjpo_I.f90.o
/home/qqqyy/AppFiles/rhfs90/src/lib/libdvd90/dvdson.f90:559:7:

   79 |       USE dvdrvr_I
      |          2
......
  559 |       SUBROUTINE DVDRVR(IRC, IREV, N, HIEND, LIM, MBLOCK, NOC, NUME, NIV, NEIG&
      |       1~~~~~~~~~~~~~~~~
Warning: INTENT mismatch in argument 'n' between (1) and (2)
/home/qqqyy/AppFiles/rhfs90/src/lib/libdvd90/dvdson.f90:848:7:

   78 |       USE initdvd_I
      |          2
......
  848 |       SUBROUTINE INITDVD(IRC, IREV, N, NOC, NIV, NUME, LIM, HIEND, SCRA1, &
      |       1~~~~~~~~~~~~~~~~~
Warning: INTENT mismatch in argument 'n' between (1) and (2)
/home/qqqyy/AppFiles/rhfs90/src/lib/libdvd90/dvdson.f90:484:7:

  484 |       SUBROUTINE ADDS(N, LIM, KPASS, NNCV, BASIS, AB, S)
      |       1~~~~~~~~~~~~~~
......
  600 |       USE adds_I
      |          2
Warning: INTENT mismatch in argument 'n' between (1) and (2)
/home/qqqyy/AppFiles/rhfs90/src/lib/libdvd90/dvdson.f90:1417:7:

  599 |       USE mgs_nrm_I
      |          2
......
 1417 |       subroutine mgs_nrm(n, kp, new, scra, b)
      |       1~~~~~~~~~~~~~~~~~
Warning: INTENT mismatch in argument 'n' between (1) and (2)
/home/qqqyy/AppFiles/rhfs90/src/lib/libdvd90/dvdson.f90:953:7:

  601 |       USE multbc_I
      |          2
......
  953 |       SUBROUTINE MULTBC(N, K, M, C, TEMP, B)
      |       1~~~~~~~~~~~~~~~~
Warning: INTENT mismatch in argument 'n' between (1) and (2)
/home/qqqyy/AppFiles/rhfs90/src/lib/libdvd90/dvdson.f90:1002:7:

  598 |       USE newvec_I
      |          2
......
 1002 |       SUBROUTINE NEWVEC(N, NUME, LIM, MBLOCK, KPASS, CRITR, NNCV, INCV, SVEC, &
      |       1~~~~~~~~~~~~~~~~
Warning: INTENT mismatch in argument 'n' between (1) and (2)
/home/qqqyy/AppFiles/rhfs90/src/lib/libdvd90/dvdson.f90:1260:29:

  597 |       USE tstsel_I
      |          2                   
......
 1260 |       LOGICAL FUNCTION TSTSEL (KPASS, NUME, NEIG, ISELEC, SVEC, EIGVAL, ICV, &
      |                             1
Warning: INTENT mismatch in argument 'rowlast' between (1) and (2)
[ 31%] Building Fortran object src/lib/lib9290/CMakeFiles/9290.dir/itrig_I.f90.o
[ 31%] Building Fortran object src/lib/lib9290/CMakeFiles/9290.dir/jcup_I.f90.o
[ 31%] Building Fortran object src/lib/lib9290/CMakeFiles/9290.dir/jqs_I.f90.o
[ 31%] Building Fortran object src/lib/lib9290/CMakeFiles/9290.dir/ldigit_I.f90.o
[ 31%] Building Fortran object src/lib/lib9290/CMakeFiles/9290.dir/lodcsh2_I.f90.o
[ 31%] Building Fortran object src/lib/lib9290/CMakeFiles/9290.dir/lodcsh_I.f90.o
[ 31%] Building Fortran object src/lib/lib9290/CMakeFiles/9290.dir/lodiso_I.f90.o
[ 31%] Building Fortran object src/lib/lib9290/CMakeFiles/9290.dir/lodcsl_I.f90.o
[ 31%] Building Fortran object src/lib/lib9290/CMakeFiles/9290.dir/lodstate_I.f90.o
[ 31%] Building Fortran object src/lib/lib9290/CMakeFiles/9290.dir/ltab_I.f90.o
[ 31%] Building Fortran object src/lib/lib9290/CMakeFiles/9290.dir/lodrwf_I.f90.o
[ 31%] Building Fortran object src/lib/lib9290/CMakeFiles/9290.dir/openfl_I.f90.o
[ 31%] Building Fortran object src/lib/lib9290/CMakeFiles/9290.dir/nucpot_I.f90.o
[ 32%] Building Fortran object src/lib/lib9290/CMakeFiles/9290.dir/orthsc_I.f90.o
[ 33%] Building Fortran object src/lib/lib9290/CMakeFiles/9290.dir/pack_I.f90.o
[ 33%] Building Fortran object src/lib/lib9290/CMakeFiles/9290.dir/parsjl_I.f90.o
[ 34%] Building Fortran object src/lib/lib9290/CMakeFiles/9290.dir/posfile_I.f90.o
[ 34%] Building Fortran object src/lib/lib9290/CMakeFiles/9290.dir/prsrcn_I.f90.o
[ 34%] Building Fortran object src/lib/lib9290/CMakeFiles/9290.dir/radgrd_I.f90.o
[ 35%] Building Fortran object src/lib/lib9290/CMakeFiles/9290.dir/prsrsl_I.f90.o
[ 35%] Building Fortran object src/lib/lib9290/CMakeFiles/9290.dir/rinti_I.f90.o
[ 35%] Building Fortran object src/lib/lib9290/CMakeFiles/9290.dir/rint_I.f90.o
[ 35%] Building Fortran object src/lib/lib9290/CMakeFiles/9290.dir/quad_I.f90.o
[ 35%] Building Fortran object src/lib/lib9290/CMakeFiles/9290.dir/setcon_I.f90.o
[ 35%] Building Fortran object src/lib/lib9290/CMakeFiles/9290.dir/setcsh_I.f90.o
[ 36%] Building Fortran object src/lib/lib9290/CMakeFiles/9290.dir/setcsla_I.f90.o
[ 36%] Building Fortran object src/lib/lib9290/CMakeFiles/9290.dir/setcsll_I.f90.o
[ 36%] Building Fortran object src/lib/lib9290/CMakeFiles/9290.dir/setiso_I.f90.o
[ 36%] Building Fortran object src/lib/lib9290/CMakeFiles/9290.dir/setj_I.f90.o
[ 36%] Building Fortran object src/lib/lib9290/CMakeFiles/9290.dir/setmc_I.f90.o
[ 36%] Building Fortran object src/lib/lib9290/CMakeFiles/9290.dir/setpot_I.f90.o
[ 37%] Building Fortran object src/lib/lib9290/CMakeFiles/9290.dir/setqic_I.f90.o
[ 37%] Building Fortran object src/lib/lib9290/CMakeFiles/9290.dir/setqna_I.f90.o
[ 37%] Building Fortran object src/lib/lib9290/CMakeFiles/9290.dir/setrwfa_I.f90.o
[ 37%] Building Fortran object src/lib/lib9290/CMakeFiles/9290.dir/skrc_I.f90.o
[ 38%] Building Fortran object src/lib/lib9290/CMakeFiles/9290.dir/slater_I.f90.o
[ 38%] Building Fortran object src/lib/lib9290/CMakeFiles/9290.dir/speak_I.f90.o
[ 38%] Building Fortran object src/lib/lib9290/CMakeFiles/9290.dir/spicmv2_I.f90.o
[ 38%] Building Fortran object src/lib/lib9290/CMakeFiles/9290.dir/start_I.f90.o
[ 38%] Building Fortran object src/lib/lib9290/CMakeFiles/9290.dir/starttime_I.f90.o
[ 38%] Building Fortran object src/lib/lib9290/CMakeFiles/9290.dir/stoptime_I.f90.o
[ 38%] Building Fortran object src/lib/lib9290/CMakeFiles/9290.dir/yzk_I.f90.o
[ 38%] Building Fortran object src/lib/lib9290/CMakeFiles/9290.dir/alcbuf.f90.o
[ 38%] Building Fortran object src/lib/lib9290/CMakeFiles/9290.dir/arctan.f90.o
[ 39%] Building Fortran object src/lib/lib9290/CMakeFiles/9290.dir/calen.f90.o
[ 39%] Building Fortran object src/lib/lib9290/CMakeFiles/9290.dir/clrx.f90.o
[ 39%] Building Fortran object src/lib/lib9290/CMakeFiles/9290.dir/convrt.f90.o
[ 39%] Building Fortran object src/lib/lib9290/CMakeFiles/9290.dir/convrt2.f90.o
[ 40%] Building Fortran object src/lib/lib9290/CMakeFiles/9290.dir/convrt_double.f90.o
[ 40%] Building Fortran object src/lib/lib9290/CMakeFiles/9290.dir/count.f90.o
[ 40%] Building Fortran object src/lib/lib9290/CMakeFiles/9290.dir/dinit.f90.o
[ 41%] Building Fortran object src/lib/lib9290/CMakeFiles/9290.dir/prsrcn.f90.o
[ 41%] Building Fortran object src/lib/lib9290/CMakeFiles/9290.dir/openfl.f90.o
[ 41%] Building Fortran object src/lib/lib9290/CMakeFiles/9290.dir/dpbdt.f90.o
[ 41%] Building Fortran object src/lib/lib9290/CMakeFiles/9290.dir/dmerge.f90.o
[ 42%] Building Fortran object src/lib/lib9290/CMakeFiles/9290.dir/draw.f90.o
[ 42%] Building Fortran object src/lib/lib9290/CMakeFiles/9290.dir/es.f90.o
[ 42%] Building Fortran object src/lib/lib9290/CMakeFiles/9290.dir/factt.f90.o
[ 43%] Building Fortran object src/lib/lib9290/CMakeFiles/9290.dir/ldigit.f90.o
[ 43%] Building Fortran object src/lib/lib9290/CMakeFiles/9290.dir/getyn.f90.o
[ 43%] Building Fortran object src/lib/lib9290/CMakeFiles/9290.dir/iq.f90.o
[ 44%] Building Fortran object src/lib/lib9290/CMakeFiles/9290.dir/icopy.f90.o
[ 44%] Building Fortran object src/lib/lib9290/CMakeFiles/9290.dir/iniest2.f90.o
[ 44%] Building Fortran object src/lib/lib9290/CMakeFiles/9290.dir/interp.f90.o
[ 44%] Building Fortran object src/lib/lib9290/CMakeFiles/9290.dir/quad.f90.o
[ 44%] Building Fortran object src/lib/lib9290/CMakeFiles/9290.dir/ispar.f90.o
[ 44%] Building Fortran object src/lib/lib9290/CMakeFiles/9290.dir/itrig.f90.o
[ 44%] Building Fortran object src/lib/lib9290/CMakeFiles/9290.dir/itjpo.f90.o
[ 45%] Building Fortran object src/lib/lib9290/CMakeFiles/9290.dir/jcup.f90.o
/home/qqqyy/AppFiles/rhfs90/src/lib/lib9290/iniest2.f90:82:23:

   79 |          CALL DCOPY (NS, VEC(NS*(J-1)+1), 1, BASIS(NCF*(J-1)+1), 1)
      |                         2
......
   82 |       CALL DCOPY (NIV, EIGVAL, 1, BASIS(NIV*NCF+1), 1)
      |                       1
Warning: Rank mismatch between actual argument at (1) and actual argument at (2) (scalar and rank-1)
[ 45%] Building Fortran object src/lib/lib9290/CMakeFiles/9290.dir/jqs.f90.o
[ 45%] Building Fortran object src/lib/lib9290/CMakeFiles/9290.dir/pack.f90.o
[ 45%] Building Fortran object src/lib/lib9290/CMakeFiles/9290.dir/lodiso.f90.o
[ 46%] Building Fortran object src/lib/lib9290/CMakeFiles/9290.dir/ltab.f90.o
[ 46%] Building Fortran object src/lib/lib9290/CMakeFiles/9290.dir/posfile.f90.o
[ 46%] Building Fortran object src/lib/lib9290/CMakeFiles/9290.dir/radgrd.f90.o
[ 47%] Building Fortran object src/lib/lib9290/CMakeFiles/9290.dir/setcon.f90.o
[ 47%] Building Fortran object src/lib/lib9290/CMakeFiles/9290.dir/setj.f90.o
[ 47%] Building Fortran object src/lib/lib9290/CMakeFiles/9290.dir/setpot.f90.o
[ 47%] Building Fortran object src/lib/lib9290/CMakeFiles/9290.dir/setqic.f90.o
[ 48%] Building Fortran object src/lib/lib9290/CMakeFiles/9290.dir/setmc.f90.o
[ 49%] Building Fortran object src/lib/lib9290/CMakeFiles/9290.dir/skrc.f90.o
[ 49%] Building Fortran object src/lib/lib9290/CMakeFiles/9290.dir/yzk.f90.o
[ 49%] Building Fortran object src/lib/lib9290/CMakeFiles/9290.dir/start.f90.o
[ 50%] Building Fortran object src/lib/lib9290/CMakeFiles/9290.dir/starttime.f90.o
[ 50%] Building Fortran object src/lib/lib9290/CMakeFiles/9290.dir/stoptime.f90.o
[ 50%] Linking Fortran static library ../../../lib/libdvd90.a
[ 50%] Building Fortran object src/lib/lib9290/CMakeFiles/9290.dir/cgamma.f90.o
[ 50%] Building Fortran object src/lib/lib9290/CMakeFiles/9290.dir/setcsll.f90.o
[ 50%] Building Fortran object src/lib/lib9290/CMakeFiles/9290.dir/lodcsh.f90.o
[ 50%] Building Fortran object src/lib/lib9290/CMakeFiles/9290.dir/prsrsl.f90.o
[ 50%] Building Fortran object src/lib/lib9290/CMakeFiles/9290.dir/cre.f90.o
[ 51%] Building Fortran object src/lib/lib9290/CMakeFiles/9290.dir/speak.f90.o
[ 51%] Building Fortran object src/lib/lib9290/CMakeFiles/9290.dir/cslh.f90.o
[ 51%] Building Fortran object src/lib/lib9290/CMakeFiles/9290.dir/cord.f90.o
[ 50%] Building Fortran object src/lib/lib9290/CMakeFiles/9290.dir/dcbsrw.f90.o
[ 51%] Building Fortran object src/lib/lib9290/CMakeFiles/9290.dir/ichkq2.f90.o
[ 51%] Building Fortran object src/lib/lib9290/CMakeFiles/9290.dir/getrsl.f90.o
[ 51%] Building Fortran object src/lib/lib9290/CMakeFiles/9290.dir/ichop.f90.o
[ 51%] Building Fortran object src/lib/lib9290/CMakeFiles/9290.dir/ichkq1.f90.o
[ 51%] Built target dvd90
[ 51%] Building Fortran object src/lib/lib9290/CMakeFiles/9290.dir/rint.f90.o
[ 52%] Building Fortran object src/lib/lib9290/CMakeFiles/9290.dir/intrpq.f90.o
[ 52%] Building Fortran object src/lib/lib9290/CMakeFiles/9290.dir/items.f90.o
[ 52%] Building Fortran object src/lib/lib9290/CMakeFiles/9290.dir/parsjl.f90.o
[ 52%] Building Fortran object src/lib/lib9290/CMakeFiles/9290.dir/lodcsh2.f90.o
[ 53%] Building Fortran object src/lib/lib9290/CMakeFiles/9290.dir/lodcsl.f90.o
[ 53%] Building Fortran object src/lib/lib9290/CMakeFiles/9290.dir/orthsc.f90.o
[ 53%] Building Fortran object src/lib/lib9290/CMakeFiles/9290.dir/lodrwf.f90.o
[ 53%] Building Fortran object src/lib/lib9290/CMakeFiles/9290.dir/nucpot.f90.o
[ 53%] Building Fortran object src/lib/lib9290/CMakeFiles/9290.dir/lodstate.f90.o
[ 53%] Building Fortran object src/lib/lib9290/CMakeFiles/9290.dir/rinti.f90.o
[ 53%] Building Fortran object src/lib/lib9290/CMakeFiles/9290.dir/setcsh.f90.o
[ 53%] Building Fortran object src/lib/lib9290/CMakeFiles/9290.dir/setcsla.f90.o
[ 53%] Building Fortran object src/lib/lib9290/CMakeFiles/9290.dir/setiso.f90.o
[ 53%] Building Fortran object src/lib/lib9290/CMakeFiles/9290.dir/setqna.f90.o
[ 53%] Building Fortran object src/lib/lib9290/CMakeFiles/9290.dir/setrwfa.f90.o
[ 53%] Building Fortran object src/lib/lib9290/CMakeFiles/9290.dir/slater.f90.o
[ 53%] Building Fortran object src/lib/lib9290/CMakeFiles/9290.dir/spicmv2.f90.o
[ 53%] Linking Fortran static library ../../../lib/lib9290.a
[ 53%] Built target 9290
[ 53%] Building Fortran object src/lib/libmcp90/CMakeFiles/mcp90.dir/talk_I.f90.o
[ 53%] Building Fortran object src/lib/libmcp90/CMakeFiles/mcp90.dir/cxk_I.f90.o
[ 54%] Building Fortran object src/lib/libmcp90/CMakeFiles/mcp90.dir/cxk.f90.o
[ 54%] Building Fortran object src/lib/libmcp90/CMakeFiles/mcp90.dir/talk.f90.o
[ 55%] Building Fortran object src/lib/mpi90/CMakeFiles/mpiu90.dir/cpath_I.f90.o
[ 55%] Building Fortran object src/lib/mpi90/CMakeFiles/mpiu90.dir/cslhmpi_I.f90.o
[ 55%] Building Fortran object src/lib/mpi90/CMakeFiles/mpiu90.dir/lodcslmpi_I.f90.o
[ 55%] Building Fortran object src/lib/mpi90/CMakeFiles/mpiu90.dir/iniestmpi_I.f90.o
[ 56%] Building Fortran object src/lib/mpi90/CMakeFiles/mpiu90.dir/setisompi_I.f90.o
[ 56%] Building Fortran object src/lib/mpi90/CMakeFiles/mpiu90.dir/mpi_C.f90.o
[ 57%] Building Fortran object src/lib/mpi90/CMakeFiles/mpiu90.dir/lodrwfmpi_I.f90.o
[ 57%] Building Fortran object src/lib/mpi90/CMakeFiles/mpiu90.dir/setrwfmpi_I.f90.o
[ 57%] Building Fortran object src/lib/mpi90/CMakeFiles/mpiu90.dir/spicmvmpi_I.f90.o
[ 57%] Building Fortran object src/lib/mpi90/CMakeFiles/mpiu90.dir/sys_chdir_I.f90.o
[ 57%] Building Fortran object src/lib/mpi90/CMakeFiles/mpiu90.dir/sys_mkdir_I.f90.o
[ 57%] Building Fortran object src/lib/mpi90/CMakeFiles/mpiu90.dir/sys_getwd_I.f90.o
[ 57%] Building Fortran object src/lib/mpi90/CMakeFiles/mpiu90.dir/mpiu.f90.o
[ 57%] Building Fortran object src/lib/mpi90/CMakeFiles/mpiu90.dir/sys_chdir.f90.o
[ 57%] Building Fortran object src/lib/mpi90/CMakeFiles/mpiu90.dir/sys_mkdir.f90.o
[ 57%] Linking Fortran static library ../../../lib/libmcp90.a
[ 57%] Built target mcp90
[ 57%] Building Fortran object src/lib/librang90/CMakeFiles/rang90.dir/Gracah1_I.f90.o
[ 57%] Building Fortran object src/lib/librang90/CMakeFiles/rang90.dir/Rmeajj11_I.f90.o
[ 57%] Building Fortran object src/lib/librang90/CMakeFiles/rang90.dir/Rmeajj9_I.f90.o
[ 58%] Building Fortran object src/lib/librang90/CMakeFiles/rang90.dir/Rmeajj_I.f90.o
[ 59%] Building Fortran object src/lib/librang90/CMakeFiles/rang90.dir/Rmew1jj_I.f90.o
[ 59%] Building Fortran object src/lib/librang90/CMakeFiles/rang90.dir/Rmew5jj_I.f90.o
[ 59%] Building Fortran object src/lib/librang90/CMakeFiles/rang90.dir/Rmew3jj_I.f90.o
[ 59%] Building Fortran object src/lib/librang90/CMakeFiles/rang90.dir/Rmew7bjj_I.f90.o
[ 59%] Building Fortran object src/lib/librang90/CMakeFiles/rang90.dir/Rwjj_I.f90.o
[ 59%] Building Fortran object src/lib/librang90/CMakeFiles/rang90.dir/Rmew7jj_I.f90.o
[ 59%] Building Fortran object src/lib/librang90/CMakeFiles/rang90.dir/awp1jjg_I.f90.o
[ 59%] Building Fortran object src/lib/librang90/CMakeFiles/rang90.dir/awp1_I.f90.o
[ 59%] Building Fortran object src/lib/librang90/CMakeFiles/rang90.dir/c0t5s_I.f90.o
[ 59%] Building Fortran object src/lib/librang90/CMakeFiles/rang90.dir/a1jj_I.f90.o
[ 59%] Building Fortran object src/lib/librang90/CMakeFiles/rang90.dir/c1e0sm_I.f90.o
[ 59%] Building Fortran object src/lib/librang90/CMakeFiles/rang90.dir/cle0sm_I.f90.o
[ 59%] Building Fortran object src/lib/librang90/CMakeFiles/rang90.dir/c1e1sm_I.f90.o
[ 59%] Building Fortran object src/lib/librang90/CMakeFiles/rang90.dir/diaga2_I.f90.o
[ 59%] Building Fortran object src/lib/librang90/CMakeFiles/rang90.dir/diaga3_I.f90.o
[ 59%] Building Fortran object src/lib/librang90/CMakeFiles/rang90.dir/coulom_I.f90.o
[ 59%] Building Fortran object src/lib/librang90/CMakeFiles/rang90.dir/diaga1_I.f90.o
[ 59%] Building Fortran object src/lib/librang90/CMakeFiles/rang90.dir/eile_I.f90.o
[ 60%] Building Fortran object src/lib/librang90/CMakeFiles/rang90.dir/diaga4_I.f90.o
[ 61%] Building Fortran object src/lib/librang90/CMakeFiles/rang90.dir/dracah_I.f90.o
[ 61%] Building Fortran object src/lib/librang90/CMakeFiles/rang90.dir/diaga5_I.f90.o
[ 61%] Building Fortran object src/lib/librang90/CMakeFiles/rang90.dir/el1_I.f90.o
[ 61%] Building Fortran object src/lib/librang90/CMakeFiles/rang90.dir/el2_I.f90.o
[ 62%] Building Fortran object src/lib/librang90/CMakeFiles/rang90.dir/el31_I.f90.o
[ 62%] Building Fortran object src/lib/mpi90/CMakeFiles/mpiu90.dir/cpath.f90.o
[ 62%] Building Fortran object src/lib/librang90/CMakeFiles/rang90.dir/el32_I.f90.o
[ 62%] Building Fortran object src/lib/mpi90/CMakeFiles/mpiu90.dir/cslhmpi.f90.o
[ 62%] Building Fortran object src/lib/librang90/CMakeFiles/rang90.dir/el33_I.f90.o
[ 62%] Building Fortran object src/lib/mpi90/CMakeFiles/mpiu90.dir/iniestmpi.f90.o
[ 62%] Building Fortran object src/lib/librang90/CMakeFiles/rang90.dir/el3_I.f90.o
[ 63%] Building Fortran object src/lib/mpi90/CMakeFiles/mpiu90.dir/lodcslmpi.f90.o
[ 63%] Building Fortran object src/lib/mpi90/CMakeFiles/mpiu90.dir/lodrwfmpi.f90.o
[ 64%] Building Fortran object src/lib/librang90/CMakeFiles/rang90.dir/el4_I.f90.o
[ 64%] Building Fortran object src/lib/mpi90/CMakeFiles/mpiu90.dir/setisompi.f90.o
[ 64%] Building Fortran object src/lib/librang90/CMakeFiles/rang90.dir/el51_I.f90.o
[ 64%] Building Fortran object src/lib/mpi90/CMakeFiles/mpiu90.dir/setrwfmpi.f90.o
[ 64%] Building Fortran object src/lib/librang90/CMakeFiles/rang90.dir/el41_I.f90.o
[ 64%] Building Fortran object src/lib/mpi90/CMakeFiles/mpiu90.dir/spicmvmpi.f90.o
[ 64%] Building Fortran object src/lib/librang90/CMakeFiles/rang90.dir/el52_I.f90.o
[ 64%] Building Fortran object src/lib/librang90/CMakeFiles/rang90.dir/el53_I.f90.o
[ 64%] Building Fortran object src/lib/librang90/CMakeFiles/rang90.dir/el5_I.f90.o
[ 64%] Building Fortran object src/lib/librang90/CMakeFiles/rang90.dir/gg1122_I.f90.o
[ 64%] Building Fortran object src/lib/librang90/CMakeFiles/rang90.dir/gg1112_I.f90.o
[ 65%] Building Fortran object src/lib/librang90/CMakeFiles/rang90.dir/gg1222_I.f90.o
[ 66%] Building Fortran object src/lib/mpi90/CMakeFiles/mpiu90.dir/sys_getwd.f90.o
[ 66%] Building Fortran object src/lib/librang90/CMakeFiles/rang90.dir/gg1233_I.f90.o
/home/qqqyy/AppFiles/rhfs90/src/lib/mpi90/iniestmpi.f90:101:23:

   98 |          CALL DCOPY (NS, VEC(NS*(J-1)+1), 1, BASIS(NCF*(J-1)+1), 1)
      |                         2
......
  101 |       CALL DCOPY (NIV, EIGVAL, 1, BASIS(NIV*NCF+1), 1)
      |                       1
Warning: Rank mismatch between actual argument at (1) and actual argument at (2) (scalar and rank-1)
/home/qqqyy/AppFiles/rhfs90/src/lib/mpi90/cslhmpi.f90:70:22:

   63 |       CALL MPI_Bcast (nblock, 1, MPI_INTEGER,0,MPI_COMM_WORLD,ierr)
      |                      2
......
   70 |       CALL MPI_Bcast (ncfblk, 1+nblock, MPI_INTEGER,0, &
      |                      1
Warning: Rank mismatch between actual argument at (1) and actual argument at (2) (scalar and rank-1)
/home/qqqyy/AppFiles/rhfs90/src/lib/mpi90/cslhmpi.f90:72:22:

   63 |       CALL MPI_Bcast (nblock, 1, MPI_INTEGER,0,MPI_COMM_WORLD,ierr)
      |                      2
......
   72 |       CALL MPI_Bcast (idblk, 8*nblock, MPI_CHARACTER,0, &
      |                      1
Warning: Type mismatch between actual argument at (1) and actual argument at (2) (CHARACTER(8)/INTEGER(4)).
/home/qqqyy/AppFiles/rhfs90/src/lib/mpi90/cslhmpi.f90:77:22:

   63 |       CALL MPI_Bcast (nblock, 1, MPI_INTEGER,0,MPI_COMM_WORLD,ierr)
      |                      2
......
   77 |       CALL MPI_Bcast (np,   nw, MPI_INTEGER,0,MPI_COMM_WORLD,ierr)
      |                      1
Warning: Rank mismatch between actual argument at (1) and actual argument at (2) (scalar and rank-1)
/home/qqqyy/AppFiles/rhfs90/src/lib/mpi90/cslhmpi.f90:78:22:

   63 |       CALL MPI_Bcast (nblock, 1, MPI_INTEGER,0,MPI_COMM_WORLD,ierr)
      |                      2
......
   78 |       CALL MPI_Bcast (nak,  nw, MPI_INTEGER,0,MPI_COMM_WORLD,ierr)
      |                      1
Warning: Rank mismatch between actual argument at (1) and actual argument at (2) (scalar and rank-1)
/home/qqqyy/AppFiles/rhfs90/src/lib/mpi90/cslhmpi.f90:79:22:

   63 |       CALL MPI_Bcast (nblock, 1, MPI_INTEGER,0,MPI_COMM_WORLD,ierr)
      |                      2
......
   79 |       CALL MPI_Bcast (nkl,  nw, MPI_INTEGER,0,MPI_COMM_WORLD,ierr)
      |                      1
Warning: Rank mismatch between actual argument at (1) and actual argument at (2) (scalar and rank-1)
/home/qqqyy/AppFiles/rhfs90/src/lib/mpi90/cslhmpi.f90:80:22:

   63 |       CALL MPI_Bcast (nblock, 1, MPI_INTEGER,0,MPI_COMM_WORLD,ierr)
      |                      2
......
   80 |       CALL MPI_Bcast (nkj,  nw, MPI_INTEGER,0,MPI_COMM_WORLD,ierr)
      |                      1
Warning: Rank mismatch between actual argument at (1) and actual argument at (2) (scalar and rank-1)
/home/qqqyy/AppFiles/rhfs90/src/lib/mpi90/setisompi.f90:44:22:

   42 |       CALL MPI_Bcast (Z,1,MPI_DOUBLE_PRECISION,0,MPI_COMM_WORLD,ierr)
      |                      2
   43 |       CALL MPI_Bcast (EMN,1,MPI_DOUBLE_PRECISION,0,MPI_COMM_WORLD,ierr)
   44 |       CALL MPI_Bcast (PARM,2,MPI_DOUBLE_PRECISION,0,MPI_COMM_WORLD,ierr)
      |                      1
Warning: Rank mismatch between actual argument at (1) and actual argument at (2) (scalar and rank-1)
/home/qqqyy/AppFiles/rhfs90/src/lib/mpi90/setisompi.f90:45:22:

   42 |       CALL MPI_Bcast (Z,1,MPI_DOUBLE_PRECISION,0,MPI_COMM_WORLD,ierr)
      |                      2
......
   45 |       CALL MPI_Bcast (NPARM,1,MPI_INTEGER,0,MPI_COMM_WORLD,ierr)
      |                      1
Warning: Type mismatch between actual argument at (1) and actual argument at (2) (INTEGER(4)/REAL(8)).
/home/qqqyy/AppFiles/rhfs90/src/lib/mpi90/lodrwfmpi.f90:105:22:

  101 |       CALL MPI_Bcast (IOS,1,MPI_INTEGER,0,MPI_COMM_WORLD,ierr)
      |                      2
......
  105 |       CALL MPI_Bcast (EY,1,MPI_DOUBLE_PRECISION,0,MPI_COMM_WORLD,ierr)
      |                      1
Warning: Type mismatch between actual argument at (1) and actual argument at (2) (REAL(8)/INTEGER(4)).
[ 66%] Building Fortran object src/lib/librang90/CMakeFiles/rang90.dir/gg1234_I.f90.o
[ 66%] Building Fortran object src/lib/librang90/CMakeFiles/rang90.dir/gg12_I.f90.o
[ 67%] Building Fortran object src/lib/librang90/CMakeFiles/rang90.dir/itjj2_I.f90.o
[ 67%] Building Fortran object src/lib/librang90/CMakeFiles/rang90.dir/itjj3_I.f90.o
[ 67%] Building Fortran object src/lib/librang90/CMakeFiles/rang90.dir/itjj_I.f90.o
[ 67%] Building Fortran object src/lib/librang90/CMakeFiles/rang90.dir/itrexg_I.f90.o
[ 67%] Building Fortran object src/lib/librang90/CMakeFiles/rang90.dir/ittk_I.f90.o
[ 67%] Building Fortran object src/lib/librang90/CMakeFiles/rang90.dir/ixjtik_I.f90.o
[ 67%] Building Fortran object src/lib/librang90/CMakeFiles/rang90.dir/izas1_I.f90.o
[ 68%] Building Fortran object src/lib/librang90/CMakeFiles/rang90.dir/jfaze_I.f90.o
[ 68%] Building Fortran object src/lib/librang90/CMakeFiles/rang90.dir/jthn_I.f90.o
[ 69%] Building Fortran object src/lib/librang90/CMakeFiles/rang90.dir/nine0_I.f90.o
[ 69%] Building Fortran object src/lib/librang90/CMakeFiles/rang90.dir/mes_I.f90.o
[ 69%] Building Fortran object src/lib/librang90/CMakeFiles/rang90.dir/nine_I.f90.o
[ 69%] Building Fortran object src/lib/librang90/CMakeFiles/rang90.dir/nmtejj_I.f90.o
[ 69%] Building Fortran object src/lib/librang90/CMakeFiles/rang90.dir/oneparticlejj1_I.f90.o
[ 69%] Building Fortran object src/lib/librang90/CMakeFiles/rang90.dir/oneparticlejj2_I.f90.o
[ 70%] Building Fortran object src/lib/librang90/CMakeFiles/rang90.dir/oneparticlejj_I.f90.o
[ 70%] Building Fortran object src/lib/librang90/CMakeFiles/rang90.dir/onescalar1_I.f90.o
[ 70%] Building Fortran object src/lib/librang90/CMakeFiles/rang90.dir/onescalar2_I.f90.o
[ 70%] Building Fortran object src/lib/librang90/CMakeFiles/rang90.dir/onescalar_I.f90.o
[ 70%] Building Fortran object src/lib/librang90/CMakeFiles/rang90.dir/perko1_I.f90.o
[ 71%] Building Fortran object src/lib/librang90/CMakeFiles/rang90.dir/perko2_I.f90.o
[ 71%] Building Fortran object src/lib/librang90/CMakeFiles/rang90.dir/reco2_I.f90.o
[ 71%] Building Fortran object src/lib/librang90/CMakeFiles/rang90.dir/rec3_I.f90.o
[ 71%] Building Fortran object src/lib/librang90/CMakeFiles/rang90.dir/reco3_I.f90.o
[ 71%] Building Fortran object src/lib/librang90/CMakeFiles/rang90.dir/reco_I.f90.o
[ 71%] Building Fortran object src/lib/librang90/CMakeFiles/rang90.dir/recoonescalar_I.f90.o
[ 72%] Building Fortran object src/lib/librang90/CMakeFiles/rang90.dir/reco4_I.f90.o
[ 72%] Building Fortran object src/lib/librang90/CMakeFiles/rang90.dir/recop00_I.f90.o
[ 73%] Building Fortran object src/lib/librang90/CMakeFiles/rang90.dir/recop1_I.f90.o
[ 73%] Building Fortran object src/lib/librang90/CMakeFiles/rang90.dir/recop2_I.f90.o
[ 74%] Building Fortran object src/lib/librang90/CMakeFiles/rang90.dir/rkco_gg_I.f90.o
[ 75%] Building Fortran object src/lib/librang90/CMakeFiles/rang90.dir/rumtjj_I.f90.o
[ 75%] Building Fortran object src/lib/librang90/CMakeFiles/rang90.dir/sixj1_I.f90.o
[ 75%] Building Fortran object src/lib/librang90/CMakeFiles/rang90.dir/sixj2_I.f90.o
[ 75%] Building Fortran object src/lib/librang90/CMakeFiles/rang90.dir/sixj35_I.f90.o
[ 75%] Building Fortran object src/lib/librang90/CMakeFiles/rang90.dir/sixj3_I.f90.o
[ 75%] Building Fortran object src/lib/librang90/CMakeFiles/rang90.dir/sixj4_I.f90.o
[ 75%] Building Fortran object src/lib/librang90/CMakeFiles/rang90.dir/sixj5_I.f90.o
[ 75%] Building Fortran object src/lib/librang90/CMakeFiles/rang90.dir/sixj_I.f90.o
[ 75%] Building Fortran object src/lib/librang90/CMakeFiles/rang90.dir/snrc_I.f90.o
[ 75%] Building Fortran object src/lib/librang90/CMakeFiles/rang90.dir/suwjj_I.f90.o
[ 76%] Building Fortran object src/lib/librang90/CMakeFiles/rang90.dir/w1jjg_I.f90.o
[ 76%] Building Fortran object src/lib/librang90/CMakeFiles/rang90.dir/wap1jjg_I.f90.o
[ 76%] Building Fortran object src/lib/librang90/CMakeFiles/rang90.dir/wap1_I.f90.o
[ 77%] Building Fortran object src/lib/librang90/CMakeFiles/rang90.dir/wj1_I.f90.o
[ 78%] Building Fortran object src/lib/librang90/CMakeFiles/rang90.dir/Gracah1.f90.o
[ 78%] Building Fortran object src/lib/librang90/CMakeFiles/rang90.dir/Rmeajj9.f90.o
[ 78%] Building Fortran object src/lib/librang90/CMakeFiles/rang90.dir/ittk.f90.o
[ 78%] Building Fortran object src/lib/librang90/CMakeFiles/rang90.dir/jthn.f90.o
[ 78%] Building Fortran object src/lib/librang90/CMakeFiles/rang90.dir/ww1_I.f90.o
[ 78%] Building Fortran object src/lib/librang90/CMakeFiles/rang90.dir/Rmew1jj.f90.o
[ 78%] Building Fortran object src/lib/librang90/CMakeFiles/rang90.dir/Rmew3jj.f90.o
[ 78%] Building Fortran object src/lib/librang90/CMakeFiles/rang90.dir/Rmew5jj.f90.o
[ 78%] Building Fortran object src/lib/librang90/CMakeFiles/rang90.dir/a1jj.f90.o
[ 79%] Building Fortran object src/lib/librang90/CMakeFiles/rang90.dir/mes.f90.o
[ 80%] Building Fortran object src/lib/librang90/CMakeFiles/rang90.dir/itrexg.f90.o
[ 80%] Building Fortran object src/lib/librang90/CMakeFiles/rang90.dir/izas1.f90.o
[ 80%] Building Fortran object src/lib/librang90/CMakeFiles/rang90.dir/jfaze.f90.o
[ 80%] Building Fortran object src/lib/librang90/CMakeFiles/rang90.dir/dracah.f90.o
[ 80%] Building Fortran object src/lib/librang90/CMakeFiles/rang90.dir/eile.f90.o
[ 80%] Building Fortran object src/lib/librang90/CMakeFiles/rang90.dir/reco.f90.o
[ 81%] Building Fortran object src/lib/librang90/CMakeFiles/rang90.dir/nmtejj.f90.o
[ 81%] Building Fortran object src/lib/librang90/CMakeFiles/rang90.dir/snrc.f90.o
/home/qqqyy/AppFiles/rhfs90/src/lib/librang90/nmtejj.f90:50:28:

   50 |     2    IF(INN-MT(JJ))3,1,3
      |                            1
Warning: Fortran 2018 deleted feature: Arithmetic IF statement at (1)
/home/qqqyy/AppFiles/rhfs90/src/lib/librang90/nmtejj.f90:60:30:

   60 |     6     IF(INN-MT9(JJ))4,5,4
      |                              1
Warning: Fortran 2018 deleted feature: Arithmetic IF statement at (1)
/home/qqqyy/AppFiles/rhfs90/src/lib/librang90/nmtejj.f90:74:32:

   74 |    22   IF(INN-MT11(JJ))23,21,23
      |                                1
Warning: Fortran 2018 deleted feature: Arithmetic IF statement at (1)
[ 81%] Building Fortran object src/lib/librang90/CMakeFiles/rang90.dir/recoonescalar.f90.o
[ 81%] Building Fortran object src/lib/librang90/CMakeFiles/rang90.dir/c0t5s.f90.o
[ 81%] Building Fortran object src/lib/librang90/CMakeFiles/rang90.dir/rumtjj.f90.o
[ 81%] Building Fortran object src/lib/librang90/CMakeFiles/rang90.dir/Rmew7jj.f90.o
[ 82%] Building Fortran object src/lib/librang90/CMakeFiles/rang90.dir/Rmew7bjj.f90.o
[ 82%] Building Fortran object src/lib/librang90/CMakeFiles/rang90.dir/Rmeajj.f90.o
[ 83%] Building Fortran object src/lib/librang90/CMakeFiles/rang90.dir/Rmeajj11.f90.o
[ 83%] Building Fortran object src/lib/librang90/CMakeFiles/rang90.dir/Rwjj.f90.o
[ 83%] Building Fortran object src/lib/librang90/CMakeFiles/rang90.dir/itjj.f90.o
[ 83%] Building Fortran object src/lib/librang90/CMakeFiles/rang90.dir/itjj2.f90.o
[ 83%] Building Fortran object src/lib/librang90/CMakeFiles/rang90.dir/sixj1.f90.o
[ 83%] Building Fortran object src/lib/librang90/CMakeFiles/rang90.dir/itjj3.f90.o
[ 84%] Building Fortran object src/lib/librang90/CMakeFiles/rang90.dir/sixj3.f90.o
[ 84%] Building Fortran object src/lib/librang90/CMakeFiles/rang90.dir/sixj2.f90.o
[ 84%] Building Fortran object src/lib/librang90/CMakeFiles/rang90.dir/ixjtik.f90.o
[ 84%] Building Fortran object src/lib/librang90/CMakeFiles/rang90.dir/sixj35.f90.o
[ 85%] Building Fortran object src/lib/librang90/CMakeFiles/rang90.dir/sixj5.f90.o
[ 85%] Building Fortran object src/lib/librang90/CMakeFiles/rang90.dir/sixj.f90.o
[ 85%] Building Fortran object src/lib/librang90/CMakeFiles/rang90.dir/sixj4.f90.o
[ 85%] Building Fortran object src/lib/librang90/CMakeFiles/rang90.dir/awp1.f90.o
[ 85%] Building Fortran object src/lib/librang90/CMakeFiles/rang90.dir/w1jjg.f90.o
[ 85%] Building Fortran object src/lib/librang90/CMakeFiles/rang90.dir/wap1jjg.f90.o
[ 85%] Building Fortran object src/lib/librang90/CMakeFiles/rang90.dir/c1e0sm.f90.o
[ 86%] Building Fortran object src/lib/librang90/CMakeFiles/rang90.dir/c1e1sm.f90.o
[ 86%] Building Fortran object src/lib/librang90/CMakeFiles/rang90.dir/cle0sm.f90.o
[ 86%] Building Fortran object src/lib/librang90/CMakeFiles/rang90.dir/wj1.f90.o
[ 86%] Building Fortran object src/lib/librang90/CMakeFiles/rang90.dir/ww1.f90.o
[ 86%] Building Fortran object src/lib/librang90/CMakeFiles/rang90.dir/wap1.f90.o
[ 87%] Building Fortran object src/lib/librang90/CMakeFiles/rang90.dir/awp1jjg.f90.o
[ 87%] Building Fortran object src/lib/librang90/CMakeFiles/rang90.dir/coulom.f90.o
[ 87%] Building Fortran object src/lib/librang90/CMakeFiles/rang90.dir/nine0.f90.o
[ 87%] Building Fortran object src/lib/librang90/CMakeFiles/rang90.dir/nine.f90.o
[ 87%] Building Fortran object src/lib/librang90/CMakeFiles/rang90.dir/diaga3.f90.o
[ 88%] Building Fortran object src/lib/librang90/CMakeFiles/rang90.dir/diaga2.f90.o
[ 88%] Building Fortran object src/lib/librang90/CMakeFiles/rang90.dir/diaga1.f90.o
[ 88%] Building Fortran object src/lib/librang90/CMakeFiles/rang90.dir/diaga4.f90.o
[ 88%] Building Fortran object src/lib/librang90/CMakeFiles/rang90.dir/diaga5.f90.o
[ 89%] Building Fortran object src/lib/librang90/CMakeFiles/rang90.dir/reco2.f90.o
[ 89%] Building Fortran object src/lib/librang90/CMakeFiles/rang90.dir/reco3.f90.o
[ 89%] Building Fortran object src/lib/librang90/CMakeFiles/rang90.dir/reco4.f90.o
[ 89%] Building Fortran object src/lib/librang90/CMakeFiles/rang90.dir/perko1.f90.o
[ 89%] Building Fortran object src/lib/librang90/CMakeFiles/rang90.dir/perko2.f90.o
[ 89%] Building Fortran object src/lib/librang90/CMakeFiles/rang90.dir/rec3.f90.o
[ 89%] Building Fortran object src/lib/librang90/CMakeFiles/rang90.dir/gg1112.f90.o
[ 89%] Building Fortran object src/lib/librang90/CMakeFiles/rang90.dir/gg1222.f90.o
[ 90%] Building Fortran object src/lib/librang90/CMakeFiles/rang90.dir/gg1122.f90.o
[ 90%] Building Fortran object src/lib/librang90/CMakeFiles/rang90.dir/gg12.f90.o
[ 90%] Building Fortran object src/lib/librang90/CMakeFiles/rang90.dir/gg1233.f90.o
[ 90%] Building Fortran object src/lib/librang90/CMakeFiles/rang90.dir/gg1234.f90.o
[ 91%] Building Fortran object src/lib/librang90/CMakeFiles/rang90.dir/el1.f90.o
[ 91%] Building Fortran object src/lib/librang90/CMakeFiles/rang90.dir/el2.f90.o
[ 91%] Building Fortran object src/lib/librang90/CMakeFiles/rang90.dir/el31.f90.o
[ 91%] Building Fortran object src/lib/librang90/CMakeFiles/rang90.dir/el32.f90.o
[ 91%] Building Fortran object src/lib/librang90/CMakeFiles/rang90.dir/el33.f90.o
[ 92%] Building Fortran object src/lib/librang90/CMakeFiles/rang90.dir/el3.f90.o
[ 92%] Building Fortran object src/lib/librang90/CMakeFiles/rang90.dir/el41.f90.o
[ 92%] Building Fortran object src/lib/librang90/CMakeFiles/rang90.dir/el4.f90.o
[ 92%] Building Fortran object src/lib/librang90/CMakeFiles/rang90.dir/el51.f90.o
[ 92%] Building Fortran object src/lib/librang90/CMakeFiles/rang90.dir/el52.f90.o
[ 93%] Building Fortran object src/lib/librang90/CMakeFiles/rang90.dir/el53.f90.o
[ 93%] Building Fortran object src/lib/librang90/CMakeFiles/rang90.dir/el5.f90.o
[ 93%] Building Fortran object src/lib/librang90/CMakeFiles/rang90.dir/recop1.f90.o
[ 93%] Building Fortran object src/lib/librang90/CMakeFiles/rang90.dir/recop2.f90.o
[ 93%] Building Fortran object src/lib/librang90/CMakeFiles/rang90.dir/recop00.f90.o
[ 94%] Building Fortran object src/lib/librang90/CMakeFiles/rang90.dir/oneparticlejj1.f90.o
[ 94%] Building Fortran object src/lib/librang90/CMakeFiles/rang90.dir/oneparticlejj2.f90.o
[ 94%] Building Fortran object src/lib/librang90/CMakeFiles/rang90.dir/oneparticlejj.f90.o
[ 94%] Building Fortran object src/lib/librang90/CMakeFiles/rang90.dir/onescalar1.f90.o
[ 95%] Building Fortran object src/lib/librang90/CMakeFiles/rang90.dir/onescalar2.f90.o
[ 95%] Building Fortran object src/lib/librang90/CMakeFiles/rang90.dir/onescalar.f90.o
[ 95%] Building Fortran object src/lib/librang90/CMakeFiles/rang90.dir/rkco_gg.f90.o
[ 95%] Building Fortran object src/lib/librang90/CMakeFiles/rang90.dir/suwjj.f90.o
/home/qqqyy/AppFiles/rhfs90/src/lib/mpi90/mpiu.f90:259:24:

  257 |          call MPI_Send (msgLength, 1, MPI_INTEGER, 0, myid, &
      |                        2
  258 |                         MPI_COMM_WORLD, ierr)   ! Send nsgLength
  259 |          call MPI_Send (msg, msgLength, MPI_CHARACTER, 0, myid+nprocs, &
      |                        1
Warning: Type mismatch between actual argument at (1) and actual argument at (2) (CHARACTER(*)/INTEGER(4)).
/home/qqqyy/AppFiles/rhfs90/src/lib/mpi90/mpiu.f90:266:27:

  264 |             call MPI_Recv (msgLength, 1, MPI_INTEGER, inID, &
      |                           2
  265 |                            inID, MPI_COMM_WORLD, istat, ierr)
  266 |             call MPI_Recv (msg, msgLength, MPI_CHARACTER, inID, &
      |                           1
Warning: Type mismatch between actual argument at (1) and actual argument at (2) (CHARACTER(*)/INTEGER(4)).
/home/qqqyy/AppFiles/rhfs90/src/lib/mpi90/mpiu.f90:366:26:

  344 |       CALL MPI_Allreduce (x, y, n, MPI_DOUBLE_PRECISION, &
      |                          2
......
  366 |       CALL MPI_Allreduce (ix, iy, n, MPI_INTEGER, MPI_SUM, &
      |                          1
Warning: Type mismatch between actual argument at (1) and actual argument at (2) (INTEGER(4)/REAL(8)).
/home/qqqyy/AppFiles/rhfs90/src/lib/mpi90/mpiu.f90:366:30:

  344 |       CALL MPI_Allreduce (x, y, n, MPI_DOUBLE_PRECISION, &
      |                             2 
......
  366 |       CALL MPI_Allreduce (ix, iy, n, MPI_INTEGER, MPI_SUM, &
      |                              1
Warning: Type mismatch between actual argument at (1) and actual argument at (2) (INTEGER(4)/REAL(8)).
[ 95%] Linking Fortran static library ../../../lib/librang90.a
[ 95%] Linking Fortran static library ../../../lib/libmpiu90.a
[ 95%] Built target rang90
[ 95%] Built target mpiu90
[ 96%] Building Fortran object src/rhfs90/CMakeFiles/rhfs.dir/engouth_I.f90.o
[ 96%] Building Fortran object src/rhfs90/CMakeFiles/rhfs.dir/gethfd_I.f90.o
[ 96%] Building Fortran object src/rhfs90/CMakeFiles/rhfs.dir/hfsgg_I.f90.o
[ 96%] Building Fortran object src/rhfs90/CMakeFiles/rhfs.dir/matelt_I.f90.o
[ 96%] Building Fortran object src/rhfs90/CMakeFiles/rhfs.dir/getmixblock_I.f90.o
[ 97%] Building Fortran object src/rhfs90/CMakeFiles/rhfs.dir/opt6_C.f90.o
[ 97%] Building Fortran object src/rhfs90/CMakeFiles/rhfs.dir/setsum_I.f90.o
[ 97%] Building Fortran object src/rhfs90/CMakeFiles/rhfs.dir/setdbg_I.f90.o
[ 98%] Building Fortran object src/rhfs90/CMakeFiles/rhfs.dir/strsum_I.f90.o
[ 98%] Building Fortran object src/rhfs90/CMakeFiles/rhfs.dir/rinthf_I.f90.o
[ 98%] Building Fortran object src/rhfs90/CMakeFiles/rhfs.dir/engouth.f90.o
[ 98%] Building Fortran object src/rhfs90/CMakeFiles/rhfs.dir/getmixblock.f90.o
[ 98%] Building Fortran object src/rhfs90/CMakeFiles/rhfs.dir/gethfd.f90.o
[ 98%] Building Fortran object src/rhfs90/CMakeFiles/rhfs.dir/matelt.f90.o
[ 99%] Building Fortran object src/rhfs90/CMakeFiles/rhfs.dir/setdbg.f90.o
[ 99%] Building Fortran object src/rhfs90/CMakeFiles/rhfs.dir/rinthf.f90.o
[ 99%] Building Fortran object src/rhfs90/CMakeFiles/rhfs.dir/setsum.f90.o
[ 99%] Building Fortran object src/rhfs90/CMakeFiles/rhfs.dir/strsum.f90.o
[ 99%] Building Fortran object src/rhfs90/CMakeFiles/rhfs.dir/hfs92.f90.o
[ 99%] Building Fortran object src/rhfs90/CMakeFiles/rhfs.dir/hfsgg.f90.o
[100%] Linking Fortran executable ../../bin/rhfs
[100%] Built target rhfs
