[ 21%] Built target mod
[ 50%] Built target 9290
[ 53%] Built target dvd90
[ 54%] Built target mcp90
[ 90%] Built target rang90
[ 95%] Built target rhfs
[100%] Built target mpiu90
Install the project...
-- Install configuration: "Release"
-- Up-to-date: /home/qqqyy/AppFiles/rhfs90/lib//mod
-- Installing: /home/qqqyy/AppFiles/rhfs90/lib//mod/qedcut_c.mod
-- Installing: /home/qqqyy/AppFiles/rhfs90/lib//mod/titl_c.mod
-- Installing: /home/qqqyy/AppFiles/rhfs90/lib//mod/coun_c.mod
-- Installing: /home/qqqyy/AppFiles/rhfs90/lib//mod/jlabl_c.mod
-- Installing: /home/qqqyy/AppFiles/rhfs90/lib//mod/syma_c.mod
-- Installing: /home/qqqyy/AppFiles/rhfs90/lib//mod/osc_c.mod
-- Installing: /home/qqqyy/AppFiles/rhfs90/lib//mod/ciimat_c.mod
-- Installing: /home/qqqyy/AppFiles/rhfs90/lib//mod/biorb_c.mod
-- Installing: /home/qqqyy/AppFiles/rhfs90/lib//mod/bess_c.mod
-- Installing: /home/qqqyy/AppFiles/rhfs90/lib//mod/node_c.mod
-- Installing: /home/qqqyy/AppFiles/rhfs90/lib//mod/peav_c.mod
-- Installing: /home/qqqyy/AppFiles/rhfs90/lib//mod/int_c.mod
-- Installing: /home/qqqyy/AppFiles/rhfs90/lib//mod/mcpdata_c.mod
-- Installing: /home/qqqyy/AppFiles/rhfs90/lib//mod/blim_c.mod
-- Installing: /home/qqqyy/AppFiles/rhfs90/lib//mod/debug_c.mod
-- Installing: /home/qqqyy/AppFiles/rhfs90/lib//mod/wchblk_c.mod
-- Installing: /home/qqqyy/AppFiles/rhfs90/lib//mod/eigvec1_c.mod
-- Installing: /home/qqqyy/AppFiles/rhfs90/lib//mod/jj2lsj_c.mod
-- Installing: /home/qqqyy/AppFiles/rhfs90/lib//mod/buffer_c.mod
-- Installing: /home/qqqyy/AppFiles/rhfs90/lib//mod/offd_c.mod
-- Installing: /home/qqqyy/AppFiles/rhfs90/lib//mod/lic13_c.mod
-- Installing: /home/qqqyy/AppFiles/rhfs90/lib//mod/orb_c.mod
-- Installing: /home/qqqyy/AppFiles/rhfs90/lib//mod/sbc_c.mod
-- Installing: /home/qqqyy/AppFiles/rhfs90/lib//mod/orbord_c.mod
-- Installing: /home/qqqyy/AppFiles/rhfs90/lib//mod/ncc_c.mod
-- Installing: /home/qqqyy/AppFiles/rhfs90/lib//mod/orthct_c.mod
-- Installing: /home/qqqyy/AppFiles/rhfs90/lib//mod/vinlst_c.mod
-- Installing: /home/qqqyy/AppFiles/rhfs90/lib//mod/decide_c.mod
-- Installing: /home/qqqyy/AppFiles/rhfs90/lib//mod/hblock_c.mod
-- Installing: /home/qqqyy/AppFiles/rhfs90/lib//mod/sacoef_c.mod
-- Installing: /home/qqqyy/AppFiles/rhfs90/lib//mod/blk_c.mod
-- Installing: /home/qqqyy/AppFiles/rhfs90/lib//mod/iccu_c.mod
-- Installing: /home/qqqyy/AppFiles/rhfs90/lib//mod/stat_c.mod
-- Installing: /home/qqqyy/AppFiles/rhfs90/lib//mod/wave_c.mod
-- Installing: /home/qqqyy/AppFiles/rhfs90/lib//mod/eigv_c.mod
-- Installing: /home/qqqyy/AppFiles/rhfs90/lib//mod/mcp_c.mod
-- Installing: /home/qqqyy/AppFiles/rhfs90/lib//mod/npot_c.mod
-- Installing: /home/qqqyy/AppFiles/rhfs90/lib//mod/hydpar_c.mod
-- Installing: /home/qqqyy/AppFiles/rhfs90/lib//mod/mtjj_c.mod
-- Installing: /home/qqqyy/AppFiles/rhfs90/lib//mod/couple_c.mod
-- Installing: /home/qqqyy/AppFiles/rhfs90/lib//mod/stor_c.mod
-- Installing: /home/qqqyy/AppFiles/rhfs90/lib//mod/blkidx_c.mod
-- Installing: /home/qqqyy/AppFiles/rhfs90/lib//mod/facts_c.mod
-- Installing: /home/qqqyy/AppFiles/rhfs90/lib//mod/nsmdat_c.mod
-- Installing: /home/qqqyy/AppFiles/rhfs90/lib//mod/sbdat1_c.mod
-- Installing: /home/qqqyy/AppFiles/rhfs90/lib//mod/mcpa_c.mod
-- Installing: /home/qqqyy/AppFiles/rhfs90/lib//mod/ribojj9_c.mod
-- Installing: /home/qqqyy/AppFiles/rhfs90/lib//mod/hmat_c.mod
-- Installing: /home/qqqyy/AppFiles/rhfs90/lib//mod/left_c.mod
-- Installing: /home/qqqyy/AppFiles/rhfs90/lib//mod/l1_c.mod
-- Installing: /home/qqqyy/AppFiles/rhfs90/lib//mod/cnc_c.mod
-- Installing: /home/qqqyy/AppFiles/rhfs90/lib//mod/dumx_c.mod
-- Installing: /home/qqqyy/AppFiles/rhfs90/lib//mod/wfac_c.mod
-- Installing: /home/qqqyy/AppFiles/rhfs90/lib//mod/prnt_c.mod
-- Installing: /home/qqqyy/AppFiles/rhfs90/lib//mod/kkstartbreit_c.mod
-- Installing: /home/qqqyy/AppFiles/rhfs90/lib//mod/lagr_c.mod
-- Installing: /home/qqqyy/AppFiles/rhfs90/lib//mod/trk_c.mod
-- Installing: /home/qqqyy/AppFiles/rhfs90/lib//mod/parameter_def.mod
-- Installing: /home/qqqyy/AppFiles/rhfs90/lib//mod/cuto_c.mod
-- Installing: /home/qqqyy/AppFiles/rhfs90/lib//mod/cons_c.mod
-- Installing: /home/qqqyy/AppFiles/rhfs90/lib//mod/tatb_c.mod
-- Installing: /home/qqqyy/AppFiles/rhfs90/lib//mod/cimat_c.mod
-- Installing: /home/qqqyy/AppFiles/rhfs90/lib//mod/coeils_c.mod
-- Installing: /home/qqqyy/AppFiles/rhfs90/lib//mod/mcpb_c.mod
-- Installing: /home/qqqyy/AppFiles/rhfs90/lib//mod/whfrom_c.mod
-- Installing: /home/qqqyy/AppFiles/rhfs90/lib//mod/damp_c.mod
-- Installing: /home/qqqyy/AppFiles/rhfs90/lib//mod/memory_man.mod
-- Installing: /home/qqqyy/AppFiles/rhfs90/lib//mod/orba_c.mod
-- Installing: /home/qqqyy/AppFiles/rhfs90/lib//mod/bilst_c.mod
-- Installing: /home/qqqyy/AppFiles/rhfs90/lib//mod/terms_c.mod
-- Installing: /home/qqqyy/AppFiles/rhfs90/lib//mod/ovl_c.mod
-- Installing: /home/qqqyy/AppFiles/rhfs90/lib//mod/rang_int_c.mod
-- Installing: /home/qqqyy/AppFiles/rhfs90/lib//mod/vast_kind_param.mod
-- Installing: /home/qqqyy/AppFiles/rhfs90/lib//mod/horb_c.mod
-- Installing: /home/qqqyy/AppFiles/rhfs90/lib//mod/jqjc_c.mod
-- Installing: /home/qqqyy/AppFiles/rhfs90/lib//mod/fixd_c.mod
-- Installing: /home/qqqyy/AppFiles/rhfs90/lib//mod/ribojj11_c.mod
-- Installing: /home/qqqyy/AppFiles/rhfs90/lib//mod/iounit_c.mod
-- Installing: /home/qqqyy/AppFiles/rhfs90/lib//mod/ribojj_c.mod
-- Installing: /home/qqqyy/AppFiles/rhfs90/lib//mod/grid_c.mod
-- Installing: /home/qqqyy/AppFiles/rhfs90/lib//mod/def_c.mod
-- Installing: /home/qqqyy/AppFiles/rhfs90/lib//mod/sbdat_c.mod
-- Installing: /home/qqqyy/AppFiles/rhfs90/lib//mod/scf_c.mod
-- Installing: /home/qqqyy/AppFiles/rhfs90/lib//mod/corre_c.mod
-- Installing: /home/qqqyy/AppFiles/rhfs90/lib//mod/vpilst_c.mod
-- Installing: /home/qqqyy/AppFiles/rhfs90/lib//mod/pote_c.mod
-- Installing: /home/qqqyy/AppFiles/rhfs90/lib//mod/bcore_c.mod
-- Installing: /home/qqqyy/AppFiles/rhfs90/lib//mod/jj2lsjbio_c.mod
-- Installing: /home/qqqyy/AppFiles/rhfs90/lib//mod/default_c.mod
-- Installing: /home/qqqyy/AppFiles/rhfs90/lib//mod/cffmat_c.mod
-- Installing: /home/qqqyy/AppFiles/rhfs90/lib//mod/m_c.mod
-- Installing: /home/qqqyy/AppFiles/rhfs90/lib//mod/l2_c.mod
-- Installing: /home/qqqyy/AppFiles/rhfs90/lib//mod/pos_c.mod
-- Installing: /home/qqqyy/AppFiles/rhfs90/lib//mod/ncdist_c.mod
-- Installing: /home/qqqyy/AppFiles/rhfs90/lib//mod/ame_c.mod
-- Installing: /home/qqqyy/AppFiles/rhfs90/lib//mod/kkstart_c.mod
-- Installing: /home/qqqyy/AppFiles/rhfs90/lib//mod/lib92p_c.mod
-- Installing: /home/qqqyy/AppFiles/rhfs90/lib//mod/cteilsrk_c.mod
-- Installing: /home/qqqyy/AppFiles/rhfs90/lib//mod/invt_c.mod
-- Installing: /home/qqqyy/AppFiles/rhfs90/lib//mod/npar_c.mod
-- Installing: /home/qqqyy/AppFiles/rhfs90/lib//mod/fposition_c.mod
-- Installing: /home/qqqyy/AppFiles/rhfs90/lib//mod/keilst_c.mod
-- Installing: /home/qqqyy/AppFiles/rhfs90/lib//mod/foparm_c.mod
-- Installing: /home/qqqyy/AppFiles/rhfs90/lib//mod/mtjj2_c.mod
-- Installing: /home/qqqyy/AppFiles/rhfs90/lib//mod/core_c.mod
-- Installing: /home/qqqyy/AppFiles/rhfs90/lib/libmod.a
-- Up-to-date: /home/qqqyy/AppFiles/rhfs90/lib//9290
-- Installing: /home/qqqyy/AppFiles/rhfs90/lib//9290/rint_i.mod
-- Installing: /home/qqqyy/AppFiles/rhfs90/lib//9290/factt_i.mod
-- Installing: /home/qqqyy/AppFiles/rhfs90/lib//9290/convrt_double_i.mod
-- Installing: /home/qqqyy/AppFiles/rhfs90/lib//9290/setcsla_i.mod
-- Installing: /home/qqqyy/AppFiles/rhfs90/lib//9290/slater_i.mod
-- Installing: /home/qqqyy/AppFiles/rhfs90/lib//9290/setqna_i.mod
-- Installing: /home/qqqyy/AppFiles/rhfs90/lib//9290/interp_i.mod
-- Installing: /home/qqqyy/AppFiles/rhfs90/lib//9290/setiso_i.mod
-- Installing: /home/qqqyy/AppFiles/rhfs90/lib//9290/clrx_i.mod
-- Installing: /home/qqqyy/AppFiles/rhfs90/lib//9290/ltab_i.mod
-- Installing: /home/qqqyy/AppFiles/rhfs90/lib//9290/setqic_i.mod
-- Installing: /home/qqqyy/AppFiles/rhfs90/lib//9290/getrsl_i.mod
-- Installing: /home/qqqyy/AppFiles/rhfs90/lib//9290/icopy_i.mod
-- Installing: /home/qqqyy/AppFiles/rhfs90/lib//9290/dinit_i.mod
-- Installing: /home/qqqyy/AppFiles/rhfs90/lib//9290/lodcsl_i.mod
-- Installing: /home/qqqyy/AppFiles/rhfs90/lib//9290/ispar_i.mod
-- Installing: /home/qqqyy/AppFiles/rhfs90/lib//9290/convrt_i.mod
-- Installing: /home/qqqyy/AppFiles/rhfs90/lib//9290/ichkq2_i.mod
-- Installing: /home/qqqyy/AppFiles/rhfs90/lib//9290/ichop_i.mod
-- Installing: /home/qqqyy/AppFiles/rhfs90/lib//9290/intrpq_i.mod
-- Installing: /home/qqqyy/AppFiles/rhfs90/lib//9290/ldigit_i.mod
-- Installing: /home/qqqyy/AppFiles/rhfs90/lib//9290/itrig_i.mod
-- Installing: /home/qqqyy/AppFiles/rhfs90/lib//9290/draw_i.mod
-- Installing: /home/qqqyy/AppFiles/rhfs90/lib//9290/jqs_i.mod
-- Installing: /home/qqqyy/AppFiles/rhfs90/lib//9290/iq_i.mod
-- Installing: /home/qqqyy/AppFiles/rhfs90/lib//9290/quad_i.mod
-- Installing: /home/qqqyy/AppFiles/rhfs90/lib//9290/alcbuf_i.mod
-- Installing: /home/qqqyy/AppFiles/rhfs90/lib//9290/es_i.mod
-- Installing: /home/qqqyy/AppFiles/rhfs90/lib//9290/jcup_i.mod
-- Installing: /home/qqqyy/AppFiles/rhfs90/lib//9290/speak_i.mod
-- Installing: /home/qqqyy/AppFiles/rhfs90/lib//9290/parsjl_i.mod
-- Installing: /home/qqqyy/AppFiles/rhfs90/lib//9290/setrwfa_i.mod
-- Installing: /home/qqqyy/AppFiles/rhfs90/lib//9290/cgamma_i.mod
-- Installing: /home/qqqyy/AppFiles/rhfs90/lib//9290/prsrcn_i.mod
-- Installing: /home/qqqyy/AppFiles/rhfs90/lib//9290/start_i.mod
-- Installing: /home/qqqyy/AppFiles/rhfs90/lib//9290/dpbdt_i.mod
-- Installing: /home/qqqyy/AppFiles/rhfs90/lib//9290/lodstate_i.mod
-- Installing: /home/qqqyy/AppFiles/rhfs90/lib//9290/pack_i.mod
-- Installing: /home/qqqyy/AppFiles/rhfs90/lib//9290/spicmv2_i.mod
-- Installing: /home/qqqyy/AppFiles/rhfs90/lib//9290/setcsh_i.mod
-- Installing: /home/qqqyy/AppFiles/rhfs90/lib//9290/setj_i.mod
-- Installing: /home/qqqyy/AppFiles/rhfs90/lib//9290/yzk_i.mod
-- Installing: /home/qqqyy/AppFiles/rhfs90/lib//9290/rinti_i.mod
-- Installing: /home/qqqyy/AppFiles/rhfs90/lib//9290/skrc_i.mod
-- Installing: /home/qqqyy/AppFiles/rhfs90/lib//9290/calen_i.mod
-- Installing: /home/qqqyy/AppFiles/rhfs90/lib//9290/nucpot_i.mod
-- Installing: /home/qqqyy/AppFiles/rhfs90/lib//9290/cslh_i.mod
-- Installing: /home/qqqyy/AppFiles/rhfs90/lib//9290/stoptime_i.mod
-- Installing: /home/qqqyy/AppFiles/rhfs90/lib//9290/lodcsh_i.mod
-- Installing: /home/qqqyy/AppFiles/rhfs90/lib//9290/lodcsh2_i.mod
-- Installing: /home/qqqyy/AppFiles/rhfs90/lib//9290/ichkq1_i.mod
-- Installing: /home/qqqyy/AppFiles/rhfs90/lib//9290/setmc_i.mod
-- Installing: /home/qqqyy/AppFiles/rhfs90/lib//9290/count_i.mod
-- Installing: /home/qqqyy/AppFiles/rhfs90/lib//9290/prsrsl_i.mod
-- Installing: /home/qqqyy/AppFiles/rhfs90/lib//9290/lodiso_i.mod
-- Installing: /home/qqqyy/AppFiles/rhfs90/lib//9290/posfile_i.mod
-- Installing: /home/qqqyy/AppFiles/rhfs90/lib//9290/getyn_i.mod
-- Installing: /home/qqqyy/AppFiles/rhfs90/lib//9290/dmerge_i.mod
-- Installing: /home/qqqyy/AppFiles/rhfs90/lib//9290/cord_i.mod
-- Installing: /home/qqqyy/AppFiles/rhfs90/lib//9290/cre_i.mod
-- Installing: /home/qqqyy/AppFiles/rhfs90/lib//9290/radgrd_i.mod
-- Installing: /home/qqqyy/AppFiles/rhfs90/lib//9290/setcon_i.mod
-- Installing: /home/qqqyy/AppFiles/rhfs90/lib//9290/items_i.mod
-- Installing: /home/qqqyy/AppFiles/rhfs90/lib//9290/starttime_i.mod
-- Installing: /home/qqqyy/AppFiles/rhfs90/lib//9290/lodrwf_i.mod
-- Installing: /home/qqqyy/AppFiles/rhfs90/lib//9290/orthsc_i.mod
-- Installing: /home/qqqyy/AppFiles/rhfs90/lib//9290/iniest2_i.mod
-- Installing: /home/qqqyy/AppFiles/rhfs90/lib//9290/dcbsrw_i.mod
-- Installing: /home/qqqyy/AppFiles/rhfs90/lib//9290/openfl_i.mod
-- Installing: /home/qqqyy/AppFiles/rhfs90/lib//9290/setpot_i.mod
-- Installing: /home/qqqyy/AppFiles/rhfs90/lib//9290/convrt2_i.mod
-- Installing: /home/qqqyy/AppFiles/rhfs90/lib//9290/arctan_i.mod
-- Installing: /home/qqqyy/AppFiles/rhfs90/lib//9290/itjpo_i.mod
-- Installing: /home/qqqyy/AppFiles/rhfs90/lib//9290/setcsll_i.mod
-- Installing: /home/qqqyy/AppFiles/rhfs90/lib/lib9290.a
-- Up-to-date: /home/qqqyy/AppFiles/rhfs90/lib//dvd90
-- Installing: /home/qqqyy/AppFiles/rhfs90/lib//dvd90/adds_i.mod
-- Installing: /home/qqqyy/AppFiles/rhfs90/lib//dvd90/newvec_i.mod
-- Installing: /home/qqqyy/AppFiles/rhfs90/lib//dvd90/gdvd_i.mod
-- Installing: /home/qqqyy/AppFiles/rhfs90/lib//dvd90/tstsel_i.mod
-- Installing: /home/qqqyy/AppFiles/rhfs90/lib//dvd90/multbc_i.mod
-- Installing: /home/qqqyy/AppFiles/rhfs90/lib//dvd90/ovflow_i.mod
-- Installing: /home/qqqyy/AppFiles/rhfs90/lib//dvd90/mgs_nrm_i.mod
-- Installing: /home/qqqyy/AppFiles/rhfs90/lib//dvd90/iniest_i.mod
-- Installing: /home/qqqyy/AppFiles/rhfs90/lib//dvd90/dvdrvr_i.mod
-- Installing: /home/qqqyy/AppFiles/rhfs90/lib//dvd90/initdvd_i.mod
-- Installing: /home/qqqyy/AppFiles/rhfs90/lib//dvd90/dvdson_i.mod
-- Installing: /home/qqqyy/AppFiles/rhfs90/lib/libdvd90.a
-- Up-to-date: /home/qqqyy/AppFiles/rhfs90/lib//mcp90
-- Installing: /home/qqqyy/AppFiles/rhfs90/lib//mcp90/talk_i.mod
-- Installing: /home/qqqyy/AppFiles/rhfs90/lib//mcp90/cxk_i.mod
-- Installing: /home/qqqyy/AppFiles/rhfs90/lib/libmcp90.a
-- Up-to-date: /home/qqqyy/AppFiles/rhfs90/lib//rang90
-- Installing: /home/qqqyy/AppFiles/rhfs90/lib//rang90/sixj1_i.mod
-- Installing: /home/qqqyy/AppFiles/rhfs90/lib//rang90/rmew3jj_i.mod
-- Installing: /home/qqqyy/AppFiles/rhfs90/lib//rang90/rmew1jj_i.mod
-- Installing: /home/qqqyy/AppFiles/rhfs90/lib//rang90/izas1_i.mod
-- Installing: /home/qqqyy/AppFiles/rhfs90/lib//rang90/itrexg_i.mod
-- Installing: /home/qqqyy/AppFiles/rhfs90/lib//rang90/gracah1_i.mod
-- Installing: /home/qqqyy/AppFiles/rhfs90/lib//rang90/gg12_i.mod
-- Installing: /home/qqqyy/AppFiles/rhfs90/lib//rang90/jthn_i.mod
-- Installing: /home/qqqyy/AppFiles/rhfs90/lib//rang90/recop1_i.mod
-- Installing: /home/qqqyy/AppFiles/rhfs90/lib//rang90/rwjj_i.mod
-- Installing: /home/qqqyy/AppFiles/rhfs90/lib//rang90/nmtejj_i.mod
-- Installing: /home/qqqyy/AppFiles/rhfs90/lib//rang90/c1e0sm_i.mod
-- Installing: /home/qqqyy/AppFiles/rhfs90/lib//rang90/coulom_i.mod
-- Installing: /home/qqqyy/AppFiles/rhfs90/lib//rang90/eile_i.mod
-- Installing: /home/qqqyy/AppFiles/rhfs90/lib//rang90/suwjj_i.mod
-- Installing: /home/qqqyy/AppFiles/rhfs90/lib//rang90/nine_i.mod
-- Installing: /home/qqqyy/AppFiles/rhfs90/lib//rang90/awp1jjg_i.mod
-- Installing: /home/qqqyy/AppFiles/rhfs90/lib//rang90/el2_i.mod
-- Installing: /home/qqqyy/AppFiles/rhfs90/lib//rang90/dracah_i.mod
-- Installing: /home/qqqyy/AppFiles/rhfs90/lib//rang90/recoonescalar_i.mod
-- Installing: /home/qqqyy/AppFiles/rhfs90/lib//rang90/diaga2_i.mod
-- Installing: /home/qqqyy/AppFiles/rhfs90/lib//rang90/c0t5s_i.mod
-- Installing: /home/qqqyy/AppFiles/rhfs90/lib//rang90/awp1_i.mod
-- Installing: /home/qqqyy/AppFiles/rhfs90/lib//rang90/wj1_i.mod
-- Installing: /home/qqqyy/AppFiles/rhfs90/lib//rang90/sixj5_i.mod
-- Installing: /home/qqqyy/AppFiles/rhfs90/lib//rang90/oneparticlejj_i.mod
-- Installing: /home/qqqyy/AppFiles/rhfs90/lib//rang90/reco3_i.mod
-- Installing: /home/qqqyy/AppFiles/rhfs90/lib//rang90/el4_i.mod
-- Installing: /home/qqqyy/AppFiles/rhfs90/lib//rang90/snrc_i.mod
-- Installing: /home/qqqyy/AppFiles/rhfs90/lib//rang90/rec3_i.mod
-- Installing: /home/qqqyy/AppFiles/rhfs90/lib//rang90/itjj3_i.mod
-- Installing: /home/qqqyy/AppFiles/rhfs90/lib//rang90/gg1234_i.mod
-- Installing: /home/qqqyy/AppFiles/rhfs90/lib//rang90/onescalar_i.mod
-- Installing: /home/qqqyy/AppFiles/rhfs90/lib//rang90/rmeajj_i.mod
-- Installing: /home/qqqyy/AppFiles/rhfs90/lib//rang90/c1e1sm_i.mod
-- Installing: /home/qqqyy/AppFiles/rhfs90/lib//rang90/diaga5_i.mod
-- Installing: /home/qqqyy/AppFiles/rhfs90/lib//rang90/perko1_i.mod
-- Installing: /home/qqqyy/AppFiles/rhfs90/lib//rang90/rmew7bjj_i.mod
-- Installing: /home/qqqyy/AppFiles/rhfs90/lib//rang90/diaga1_i.mod
-- Installing: /home/qqqyy/AppFiles/rhfs90/lib//rang90/onescalar2_i.mod
-- Installing: /home/qqqyy/AppFiles/rhfs90/lib//rang90/nine0_i.mod
-- Installing: /home/qqqyy/AppFiles/rhfs90/lib//rang90/gg1222_i.mod
-- Installing: /home/qqqyy/AppFiles/rhfs90/lib//rang90/el51_i.mod
-- Installing: /home/qqqyy/AppFiles/rhfs90/lib//rang90/reco_i.mod
-- Installing: /home/qqqyy/AppFiles/rhfs90/lib//rang90/sixj2_i.mod
-- Installing: /home/qqqyy/AppFiles/rhfs90/lib//rang90/recop00_i.mod
-- Installing: /home/qqqyy/AppFiles/rhfs90/lib//rang90/rmeajj9_i.mod
-- Installing: /home/qqqyy/AppFiles/rhfs90/lib//rang90/wap1jjg_i.mod
-- Installing: /home/qqqyy/AppFiles/rhfs90/lib//rang90/el5_i.mod
-- Installing: /home/qqqyy/AppFiles/rhfs90/lib//rang90/oneparticlejj1_i.mod
-- Installing: /home/qqqyy/AppFiles/rhfs90/lib//rang90/onescalar1_i.mod
-- Installing: /home/qqqyy/AppFiles/rhfs90/lib//rang90/mes_i.mod
-- Installing: /home/qqqyy/AppFiles/rhfs90/lib//rang90/jfaze_i.mod
-- Installing: /home/qqqyy/AppFiles/rhfs90/lib//rang90/reco4_i.mod
-- Installing: /home/qqqyy/AppFiles/rhfs90/lib//rang90/el41_i.mod
-- Installing: /home/qqqyy/AppFiles/rhfs90/lib//rang90/a1jj_i.mod
-- Installing: /home/qqqyy/AppFiles/rhfs90/lib//rang90/sixj4_i.mod
-- Installing: /home/qqqyy/AppFiles/rhfs90/lib//rang90/el52_i.mod
-- Installing: /home/qqqyy/AppFiles/rhfs90/lib//rang90/reco2_i.mod
-- Installing: /home/qqqyy/AppFiles/rhfs90/lib//rang90/el32_i.mod
-- Installing: /home/qqqyy/AppFiles/rhfs90/lib//rang90/rkco_gg_i.mod
-- Installing: /home/qqqyy/AppFiles/rhfs90/lib//rang90/el31_i.mod
-- Installing: /home/qqqyy/AppFiles/rhfs90/lib//rang90/gg1112_i.mod
-- Installing: /home/qqqyy/AppFiles/rhfs90/lib//rang90/oneparticlejj2_i.mod
-- Installing: /home/qqqyy/AppFiles/rhfs90/lib//rang90/ittk_i.mod
-- Installing: /home/qqqyy/AppFiles/rhfs90/lib//rang90/rumtjj_i.mod
-- Installing: /home/qqqyy/AppFiles/rhfs90/lib//rang90/sixj_i.mod
-- Installing: /home/qqqyy/AppFiles/rhfs90/lib//rang90/diaga3_i.mod
-- Installing: /home/qqqyy/AppFiles/rhfs90/lib//rang90/gg1122_i.mod
-- Installing: /home/qqqyy/AppFiles/rhfs90/lib//rang90/rmew7jj_i.mod
-- Installing: /home/qqqyy/AppFiles/rhfs90/lib//rang90/diaga4_i.mod
-- Installing: /home/qqqyy/AppFiles/rhfs90/lib//rang90/el53_i.mod
-- Installing: /home/qqqyy/AppFiles/rhfs90/lib//rang90/itjj_i.mod
-- Installing: /home/qqqyy/AppFiles/rhfs90/lib//rang90/ixjtik_i.mod
-- Installing: /home/qqqyy/AppFiles/rhfs90/lib//rang90/rmew5jj_i.mod
-- Installing: /home/qqqyy/AppFiles/rhfs90/lib//rang90/el1_i.mod
-- Installing: /home/qqqyy/AppFiles/rhfs90/lib//rang90/rmeajj11_i.mod
-- Installing: /home/qqqyy/AppFiles/rhfs90/lib//rang90/sixj3_i.mod
-- Installing: /home/qqqyy/AppFiles/rhfs90/lib//rang90/gg1233_i.mod
-- Installing: /home/qqqyy/AppFiles/rhfs90/lib//rang90/ww1_i.mod
-- Installing: /home/qqqyy/AppFiles/rhfs90/lib//rang90/itjj2_i.mod
-- Installing: /home/qqqyy/AppFiles/rhfs90/lib//rang90/el3_i.mod
-- Installing: /home/qqqyy/AppFiles/rhfs90/lib//rang90/recop2_i.mod
-- Installing: /home/qqqyy/AppFiles/rhfs90/lib//rang90/cle0sm_i.mod
-- Installing: /home/qqqyy/AppFiles/rhfs90/lib//rang90/sixj35_i.mod
-- Installing: /home/qqqyy/AppFiles/rhfs90/lib//rang90/wap1_i.mod
-- Installing: /home/qqqyy/AppFiles/rhfs90/lib//rang90/perko2_i.mod
-- Installing: /home/qqqyy/AppFiles/rhfs90/lib//rang90/w1jjg_i.mod
-- Installing: /home/qqqyy/AppFiles/rhfs90/lib//rang90/el33_i.mod
-- Installing: /home/qqqyy/AppFiles/rhfs90/lib/librang90.a
-- Installing: /home/qqqyy/AppFiles/rhfs90/bin/rhfs
-- Up-to-date: /home/qqqyy/AppFiles/rhfs90/lib//mpiu90
-- Installing: /home/qqqyy/AppFiles/rhfs90/lib//mpiu90/sys_mkdir_i.mod
-- Installing: /home/qqqyy/AppFiles/rhfs90/lib//mpiu90/cslhmpi_i.mod
-- Installing: /home/qqqyy/AppFiles/rhfs90/lib//mpiu90/sys_getwd_i.mod
-- Installing: /home/qqqyy/AppFiles/rhfs90/lib//mpiu90/setisompi_i.mod
-- Installing: /home/qqqyy/AppFiles/rhfs90/lib//mpiu90/setrwfmpi_i.mod
-- Installing: /home/qqqyy/AppFiles/rhfs90/lib//mpiu90/lodcslmpi_i.mod
-- Installing: /home/qqqyy/AppFiles/rhfs90/lib//mpiu90/iniestmpi_i.mod
-- Installing: /home/qqqyy/AppFiles/rhfs90/lib//mpiu90/mpi_c.mod
-- Installing: /home/qqqyy/AppFiles/rhfs90/lib//mpiu90/spicmvmpi_i.mod
-- Installing: /home/qqqyy/AppFiles/rhfs90/lib//mpiu90/sys_chdir_i.mod
-- Installing: /home/qqqyy/AppFiles/rhfs90/lib//mpiu90/cpath_i.mod
-- Installing: /home/qqqyy/AppFiles/rhfs90/lib//mpiu90/lodrwfmpi_i.mod
-- Installing: /home/qqqyy/AppFiles/rhfs90/lib/libmpiu90.a
